<?xml version="1.0" encoding="UTF-8"?>
<!-- Generated by org.testng.reporters.JUnitReportReporter -->
<testsuite hostname="DESKTOP-N8HNC21" failures="0" tests="1" name="com.automation.test.verifyLoginTest" time="31.539" errors="0" timestamp="25 Apr 2021 06:01:08 GMT" skipped="0">
  <testcase classname="com.automation.test.verifyLoginTest" name="verifyLogin" time="31.539"/>
</testsuite> <!-- com.automation.test.verifyLoginTest -->
